<?xml version="1.0" encoding="UTF-8"?>
<!-- Generated by org.testng.reporters.JUnitReportReporter -->
<testsuite skipped="0" hostname="bablukumar" name="com.phfi.StudyCreation.Execution.StudyCreationExecution" tests="1" failures="0" timestamp="10 Aug 2018 10:01:46 GMT" time="2377.570" errors="0">
  <testcase name="exctractData" time="2377.570" classname="com.phfi.StudyCreation.Execution.StudyCreationExecution"/>
</testsuite> <!-- com.phfi.StudyCreation.Execution.StudyCreationExecution -->
